<?xml version="1.0" encoding="UTF-8"?>
<!-- Generated by org.testng.reporters.JUnitXMLReporter -->
<testsuite hostname="ISIPL-PUNV-L384" ignored="0" name="Sanity Test" tests="14" failures="1" timestamp="2022-10-04T17:27:50 IST" time="115.851" errors="0">
  <testcase name="sanityTest" time="33.517" classname="testcases.SanityTest"/>
  <testcase name="sanityTest" time="2.016" classname="testcases.SanityTest">
    <skipped/>
  </testcase> <!-- sanityTest -->
  <testcase name="sanityTest" time="2.011" classname="testcases.SanityTest">
    <skipped/>
  </testcase> <!-- sanityTest -->
  <testcase name="sanityTest" time="2.005" classname="testcases.SanityTest">
    <skipped/>
  </testcase> <!-- sanityTest -->
  <testcase name="sanityTest" time="2.008" classname="testcases.SanityTest">
    <skipped/>
  </testcase> <!-- sanityTest -->
  <testcase name="sanityTest" time="2.012" classname="testcases.SanityTest">
    <skipped/>
  </testcase> <!-- sanityTest -->
  <testcase name="sanityTest" time="2.008" classname="testcases.SanityTest">
    <skipped/>
  </testcase> <!-- sanityTest -->
  <testcase name="sanityTest" time="2.008" classname="testcases.SanityTest">
    <skipped/>
  </testcase> <!-- sanityTest -->
  <testcase name="sanityTest" time="2.015" classname="testcases.SanityTest">
    <skipped/>
  </testcase> <!-- sanityTest -->
  <testcase name="sanityTest" time="2.014" classname="testcases.SanityTest">
    <skipped/>
  </testcase> <!-- sanityTest -->
  <testcase name="sanityTest" time="2.009" classname="testcases.SanityTest">
    <skipped/>
  </testcase> <!-- sanityTest -->
  <testcase name="sanityTest" time="2.006" classname="testcases.SanityTest"/>
  <testcase name="sanityTest" time="25.771" classname="testcases.SanityTest"/>
  <testcase name="sanityTest" time="31.007" classname="testcases.SanityTest">
    <failure type="java.lang.AssertionError" message="expected [40093727919] but found [4009372791]">
      <![CDATA[java.lang.AssertionError: expected [40093727919] but found [4009372791]
at testcases.SanityTest.sanityTest(SanityTest.java:281)
at java.util.ArrayList.forEach(ArrayList.java:1257)
... Removed 33 stack frames]]>
    </failure>
  </testcase> <!-- sanityTest -->
</testsuite> <!-- Sanity Test -->
