<?xml version="1.0" encoding="UTF-8"?>
<!-- Generated by org.testng.reporters.JUnitXMLReporter -->
<testsuite hostname="ISIPL-PUNV-L384" ignored="0" name="Sanity Test" tests="19" failures="0" timestamp="2022-10-11T18:45:23 IST" time="86.697" errors="0">
  <testcase name="sanityTest" time="34.435" classname="testcases.SanityTest"/>
  <testcase name="sanityTest" time="16.41" classname="testcases.SanityTest"/>
  <testcase name="sanityTest" time="2.016" classname="testcases.SanityTest">
    <skipped/>
  </testcase> <!-- sanityTest -->
  <testcase name="sanityTest" time="2.006" classname="testcases.SanityTest">
    <skipped/>
  </testcase> <!-- sanityTest -->
  <testcase name="sanityTest" time="2.006" classname="testcases.SanityTest">
    <skipped/>
  </testcase> <!-- sanityTest -->
  <testcase name="sanityTest" time="2.012" classname="testcases.SanityTest">
    <skipped/>
  </testcase> <!-- sanityTest -->
  <testcase name="sanityTest" time="2.014" classname="testcases.SanityTest">
    <skipped/>
  </testcase> <!-- sanityTest -->
  <testcase name="sanityTest" time="2.012" classname="testcases.SanityTest">
    <skipped/>
  </testcase> <!-- sanityTest -->
  <testcase name="sanityTest" time="2.013" classname="testcases.SanityTest">
    <skipped/>
  </testcase> <!-- sanityTest -->
  <testcase name="sanityTest" time="2.009" classname="testcases.SanityTest">
    <skipped/>
  </testcase> <!-- sanityTest -->
  <testcase name="sanityTest" time="2.009" classname="testcases.SanityTest">
    <skipped/>
  </testcase> <!-- sanityTest -->
  <testcase name="sanityTest" time="2.011" classname="testcases.SanityTest">
    <skipped/>
  </testcase> <!-- sanityTest -->
  <testcase name="sanityTest" time="2.014" classname="testcases.SanityTest">
    <skipped/>
  </testcase> <!-- sanityTest -->
  <testcase name="sanityTest" time="2.003" classname="testcases.SanityTest">
    <skipped/>
  </testcase> <!-- sanityTest -->
  <testcase name="sanityTest" time="2.016" classname="testcases.SanityTest">
    <skipped/>
  </testcase> <!-- sanityTest -->
  <testcase name="sanityTest" time="2.006" classname="testcases.SanityTest">
    <skipped/>
  </testcase> <!-- sanityTest -->
  <testcase name="sanityTest" time="2.007" classname="testcases.SanityTest">
    <skipped/>
  </testcase> <!-- sanityTest -->
  <testcase name="sanityTest" time="2.014" classname="testcases.SanityTest">
    <skipped/>
  </testcase> <!-- sanityTest -->
  <testcase name="sanityTest" time="2.003" classname="testcases.SanityTest">
    <skipped/>
  </testcase> <!-- sanityTest -->
</testsuite> <!-- Sanity Test -->
