<?xml version="1.0" encoding="UTF-8"?>
<!-- Generated by org.testng.reporters.JUnitXMLReporter -->
<testsuite hostname="ISIPL-PUNV-L384" ignored="0" name="Default test" tests="7" failures="0" timestamp="2022-09-29T14:17:15 IST" time="67.777" errors="0">
  <testcase name="sanityTest" time="33.171" classname="testcases.SanityTest"/>
  <testcase name="sanityTest" time="2.009" classname="testcases.SanityTest">
    <skipped/>
  </testcase> <!-- sanityTest -->
  <testcase name="sanityTest" time="2.014" classname="testcases.SanityTest">
    <skipped/>
  </testcase> <!-- sanityTest -->
  <testcase name="sanityTest" time="2.013" classname="testcases.SanityTest">
    <skipped/>
  </testcase> <!-- sanityTest -->
  <testcase name="sanityTest" time="2.016" classname="testcases.SanityTest">
    <skipped/>
  </testcase> <!-- sanityTest -->
  <testcase name="sanityTest" time="22.392" classname="testcases.SanityTest"/>
  <testcase name="sanityTest" time="2.013" classname="testcases.SanityTest">
    <skipped/>
  </testcase> <!-- sanityTest -->
</testsuite> <!-- Default test -->
