<?xml version="1.0" encoding="UTF-8"?>
<testng-results skipped="4" failed="1" ignored="0" total="7" passed="2">
  <reporter-output>
    <line>
      <![CDATA[<a href=Mon_Sep_26_11_19_10_IST_2022.jpg target="_blank">Screenshot link</a>]]>
    </line>
    <line>
      <![CDATA[<br>]]>
    </line>
    <line>
      <![CDATA[<a href=Mon_Sep_26_11_19_10_IST_2022.jpg target="_blank"><img src=Mon_Sep_26_11_19_10_IST_2022.jpg height=200 width=200></a>]]>
    </line>
  </reporter-output>
  <suite name="Data Driven Test" duration-ms="56492" started-at="2022-09-26T05:48:30Z" finished-at="2022-09-26T05:49:27Z">
    <groups>
    </groups>
    <test name="Sanity Test" duration-ms="56492" started-at="2022-09-26T05:48:30Z" finished-at="2022-09-26T05:49:27Z">
      <class name="testcases.PreProd1BTest">
        <test-method status="PASS" signature="preProd1bTest(java.lang.String, java.lang.String, java.lang.String, java.lang.String)[pri:0, instance:testcases.PreProd1BTest@6c0d7c83]" name="preProd1bTest" duration-ms="18250" started-at="2022-09-26T05:48:30Z" data-provider="dp" finished-at="2022-09-26T05:48:48Z">
          <params>
            <param index="0">
              <value>
                <![CDATA[https://eplus-hx.ie1.Prod1b.affiniongroup.com/?source=cTxwgofz8b%2f7DI8BfZJ8eQ%3d%3d]]>
              </value>
            </param>
            <param index="1">
              <value>
                <![CDATA[chrome]]>
              </value>
            </param>
            <param index="2">
              <value>
                <![CDATA[Enjoymore UK]]>
              </value>
            </param>
            <param index="3">
              <value>
                <![CDATA[Y]]>
              </value>
            </param>
          </params>
          <reporter-output>
          </reporter-output>
        </test-method> <!-- preProd1bTest -->
        <test-method status="PASS" signature="tearDown()[pri:0, instance:testcases.PreProd1BTest@6c0d7c83]" name="tearDown" is-config="true" duration-ms="668" started-at="2022-09-26T05:48:49Z" finished-at="2022-09-26T05:48:49Z">
          <reporter-output>
          </reporter-output>
        </test-method> <!-- tearDown -->
        <test-method status="SKIP" signature="preProd1bTest(java.lang.String, java.lang.String, java.lang.String, java.lang.String)[pri:0, instance:testcases.PreProd1BTest@6c0d7c83]" name="preProd1bTest" duration-ms="0" started-at="2022-09-26T05:48:49Z" data-provider="dp" finished-at="2022-09-26T05:48:49Z">
          <params>
            <param index="0">
              <value>
                <![CDATA[https://mastercard-hx.ie1.Prod1b.affiniongroup.com/?source=j7h62GliNhKo3mCh1TMIow%3D%3D]]>
              </value>
            </param>
            <param index="1">
              <value>
                <![CDATA[chrome]]>
              </value>
            </param>
            <param index="2">
              <value>
                <![CDATA[Mastercard EWE]]>
              </value>
            </param>
            <param index="3">
              <value>
                <![CDATA[N]]>
              </value>
            </param>
          </params>
          <exception class="org.testng.SkipException">
            <message>
              <![CDATA[Test iteration is Skipped as Runmode is :N]]>
            </message>
            <full-stacktrace>
              <![CDATA[org.testng.SkipException: Test iteration is Skipped as Runmode is :N
at testcases.PreProd1BTest.preProd1bTest(PreProd1BTest.java:25)
at sun.reflect.NativeMethodAccessorImpl.invoke0(Native Method)
at sun.reflect.NativeMethodAccessorImpl.invoke(NativeMethodAccessorImpl.java:62)
at sun.reflect.DelegatingMethodAccessorImpl.invoke(DelegatingMethodAccessorImpl.java:43)
at java.lang.reflect.Method.invoke(Method.java:498)
at org.testng.internal.MethodInvocationHelper.invokeMethod(MethodInvocationHelper.java:124)
at org.testng.internal.Invoker.invokeMethod(Invoker.java:583)
at org.testng.internal.Invoker.invokeTestMethod(Invoker.java:719)
at org.testng.internal.Invoker.invokeTestMethods(Invoker.java:989)
at org.testng.internal.TestMethodWorker.invokeTestMethods(TestMethodWorker.java:125)
at org.testng.internal.TestMethodWorker.run(TestMethodWorker.java:109)
at org.testng.TestRunner.privateRun(TestRunner.java:648)
at org.testng.TestRunner.run(TestRunner.java:505)
at org.testng.SuiteRunner.runTest(SuiteRunner.java:455)
at org.testng.SuiteRunner.runSequentially(SuiteRunner.java:450)
at org.testng.SuiteRunner.privateRun(SuiteRunner.java:415)
at org.testng.SuiteRunner.run(SuiteRunner.java:364)
at org.testng.SuiteRunnerWorker.runSuite(SuiteRunnerWorker.java:52)
at org.testng.SuiteRunnerWorker.run(SuiteRunnerWorker.java:84)
at org.testng.TestNG.runSuitesSequentially(TestNG.java:1208)
at org.testng.TestNG.runSuitesLocally(TestNG.java:1137)
at org.testng.TestNG.runSuites(TestNG.java:1049)
at org.testng.TestNG.run(TestNG.java:1017)
at org.testng.remote.AbstractRemoteTestNG.run(AbstractRemoteTestNG.java:115)
at org.testng.remote.RemoteTestNG.initAndRun(RemoteTestNG.java:251)
at org.testng.remote.RemoteTestNG.main(RemoteTestNG.java:77)
]]>
            </full-stacktrace>
          </exception> <!-- org.testng.SkipException -->
          <reporter-output>
          </reporter-output>
        </test-method> <!-- preProd1bTest -->
        <test-method status="PASS" signature="tearDown()[pri:0, instance:testcases.PreProd1BTest@6c0d7c83]" name="tearDown" is-config="true" duration-ms="0" started-at="2022-09-26T05:48:49Z" finished-at="2022-09-26T05:48:49Z">
          <reporter-output>
          </reporter-output>
        </test-method> <!-- tearDown -->
        <test-method status="SKIP" signature="preProd1bTest(java.lang.String, java.lang.String, java.lang.String, java.lang.String)[pri:0, instance:testcases.PreProd1BTest@6c0d7c83]" name="preProd1bTest" duration-ms="4" started-at="2022-09-26T05:48:49Z" data-provider="dp" finished-at="2022-09-26T05:48:49Z">
          <params>
            <param index="0">
              <value>
                <![CDATA[https://helix-sso.ie1.Prod1b.affiniongroup.com/SSOTestApp/Home.mvc/SSOAgentTestForm]]>
              </value>
            </param>
            <param index="1">
              <value>
                <![CDATA[chrome]]>
              </value>
            </param>
            <param index="2">
              <value>
                <![CDATA[SSO Test Page]]>
              </value>
            </param>
            <param index="3">
              <value>
                <![CDATA[N]]>
              </value>
            </param>
          </params>
          <exception class="org.testng.SkipException">
            <message>
              <![CDATA[Test iteration is Skipped as Runmode is :N]]>
            </message>
            <full-stacktrace>
              <![CDATA[org.testng.SkipException: Test iteration is Skipped as Runmode is :N
at testcases.PreProd1BTest.preProd1bTest(PreProd1BTest.java:25)
at sun.reflect.NativeMethodAccessorImpl.invoke0(Native Method)
at sun.reflect.NativeMethodAccessorImpl.invoke(NativeMethodAccessorImpl.java:62)
at sun.reflect.DelegatingMethodAccessorImpl.invoke(DelegatingMethodAccessorImpl.java:43)
at java.lang.reflect.Method.invoke(Method.java:498)
at org.testng.internal.MethodInvocationHelper.invokeMethod(MethodInvocationHelper.java:124)
at org.testng.internal.Invoker.invokeMethod(Invoker.java:583)
at org.testng.internal.Invoker.invokeTestMethod(Invoker.java:719)
at org.testng.internal.Invoker.invokeTestMethods(Invoker.java:989)
at org.testng.internal.TestMethodWorker.invokeTestMethods(TestMethodWorker.java:125)
at org.testng.internal.TestMethodWorker.run(TestMethodWorker.java:109)
at org.testng.TestRunner.privateRun(TestRunner.java:648)
at org.testng.TestRunner.run(TestRunner.java:505)
at org.testng.SuiteRunner.runTest(SuiteRunner.java:455)
at org.testng.SuiteRunner.runSequentially(SuiteRunner.java:450)
at org.testng.SuiteRunner.privateRun(SuiteRunner.java:415)
at org.testng.SuiteRunner.run(SuiteRunner.java:364)
at org.testng.SuiteRunnerWorker.runSuite(SuiteRunnerWorker.java:52)
at org.testng.SuiteRunnerWorker.run(SuiteRunnerWorker.java:84)
at org.testng.TestNG.runSuitesSequentially(TestNG.java:1208)
at org.testng.TestNG.runSuitesLocally(TestNG.java:1137)
at org.testng.TestNG.runSuites(TestNG.java:1049)
at org.testng.TestNG.run(TestNG.java:1017)
at org.testng.remote.AbstractRemoteTestNG.run(AbstractRemoteTestNG.java:115)
at org.testng.remote.RemoteTestNG.initAndRun(RemoteTestNG.java:251)
at org.testng.remote.RemoteTestNG.main(RemoteTestNG.java:77)
]]>
            </full-stacktrace>
          </exception> <!-- org.testng.SkipException -->
          <reporter-output>
          </reporter-output>
        </test-method> <!-- preProd1bTest -->
        <test-method status="PASS" signature="tearDown()[pri:0, instance:testcases.PreProd1BTest@6c0d7c83]" name="tearDown" is-config="true" duration-ms="1" started-at="2022-09-26T05:48:49Z" finished-at="2022-09-26T05:48:49Z">
          <reporter-output>
          </reporter-output>
        </test-method> <!-- tearDown -->
        <test-method status="SKIP" signature="preProd1bTest(java.lang.String, java.lang.String, java.lang.String, java.lang.String)[pri:0, instance:testcases.PreProd1BTest@6c0d7c83]" name="preProd1bTest" duration-ms="2" started-at="2022-09-26T05:48:49Z" data-provider="dp" finished-at="2022-09-26T05:48:49Z">
          <params>
            <param index="0">
              <value>
                <![CDATA[https://helix-sso.ie1.Prod1b.affiniongroup.com/SSOTestApp/Home.mvc/SSOAgentTestForm]]>
              </value>
            </param>
            <param index="1">
              <value>
                <![CDATA[chrome]]>
              </value>
            </param>
            <param index="2">
              <value>
                <![CDATA[SSO Test Page]]>
              </value>
            </param>
            <param index="3">
              <value>
                <![CDATA[N]]>
              </value>
            </param>
          </params>
          <exception class="org.testng.SkipException">
            <message>
              <![CDATA[Test iteration is Skipped as Runmode is :N]]>
            </message>
            <full-stacktrace>
              <![CDATA[org.testng.SkipException: Test iteration is Skipped as Runmode is :N
at testcases.PreProd1BTest.preProd1bTest(PreProd1BTest.java:25)
at sun.reflect.NativeMethodAccessorImpl.invoke0(Native Method)
at sun.reflect.NativeMethodAccessorImpl.invoke(NativeMethodAccessorImpl.java:62)
at sun.reflect.DelegatingMethodAccessorImpl.invoke(DelegatingMethodAccessorImpl.java:43)
at java.lang.reflect.Method.invoke(Method.java:498)
at org.testng.internal.MethodInvocationHelper.invokeMethod(MethodInvocationHelper.java:124)
at org.testng.internal.Invoker.invokeMethod(Invoker.java:583)
at org.testng.internal.Invoker.invokeTestMethod(Invoker.java:719)
at org.testng.internal.Invoker.invokeTestMethods(Invoker.java:989)
at org.testng.internal.TestMethodWorker.invokeTestMethods(TestMethodWorker.java:125)
at org.testng.internal.TestMethodWorker.run(TestMethodWorker.java:109)
at org.testng.TestRunner.privateRun(TestRunner.java:648)
at org.testng.TestRunner.run(TestRunner.java:505)
at org.testng.SuiteRunner.runTest(SuiteRunner.java:455)
at org.testng.SuiteRunner.runSequentially(SuiteRunner.java:450)
at org.testng.SuiteRunner.privateRun(SuiteRunner.java:415)
at org.testng.SuiteRunner.run(SuiteRunner.java:364)
at org.testng.SuiteRunnerWorker.runSuite(SuiteRunnerWorker.java:52)
at org.testng.SuiteRunnerWorker.run(SuiteRunnerWorker.java:84)
at org.testng.TestNG.runSuitesSequentially(TestNG.java:1208)
at org.testng.TestNG.runSuitesLocally(TestNG.java:1137)
at org.testng.TestNG.runSuites(TestNG.java:1049)
at org.testng.TestNG.run(TestNG.java:1017)
at org.testng.remote.AbstractRemoteTestNG.run(AbstractRemoteTestNG.java:115)
at org.testng.remote.RemoteTestNG.initAndRun(RemoteTestNG.java:251)
at org.testng.remote.RemoteTestNG.main(RemoteTestNG.java:77)
]]>
            </full-stacktrace>
          </exception> <!-- org.testng.SkipException -->
          <reporter-output>
          </reporter-output>
        </test-method> <!-- preProd1bTest -->
        <test-method status="SKIP" signature="preProd1bTest(java.lang.String, java.lang.String, java.lang.String, java.lang.String)[pri:0, instance:testcases.PreProd1BTest@6c0d7c83]" name="preProd1bTest" duration-ms="7" started-at="2022-09-26T05:48:49Z" data-provider="dp" finished-at="2022-09-26T05:48:49Z">
          <params>
            <param index="0">
              <value>
                <![CDATA[https://helix-sso.ie1.Prod1b.affiniongroup.com/SSOTestApp/Home.mvc/SSOAgentTestForm]]>
              </value>
            </param>
            <param index="1">
              <value>
                <![CDATA[chrome]]>
              </value>
            </param>
            <param index="2">
              <value>
                <![CDATA[SSO Test Page]]>
              </value>
            </param>
            <param index="3">
              <value>
                <![CDATA[N]]>
              </value>
            </param>
          </params>
          <exception class="org.testng.SkipException">
            <message>
              <![CDATA[Test iteration is Skipped as Runmode is :N]]>
            </message>
            <full-stacktrace>
              <![CDATA[org.testng.SkipException: Test iteration is Skipped as Runmode is :N
at testcases.PreProd1BTest.preProd1bTest(PreProd1BTest.java:25)
at sun.reflect.NativeMethodAccessorImpl.invoke0(Native Method)
at sun.reflect.NativeMethodAccessorImpl.invoke(NativeMethodAccessorImpl.java:62)
at sun.reflect.DelegatingMethodAccessorImpl.invoke(DelegatingMethodAccessorImpl.java:43)
at java.lang.reflect.Method.invoke(Method.java:498)
at org.testng.internal.MethodInvocationHelper.invokeMethod(MethodInvocationHelper.java:124)
at org.testng.internal.Invoker.invokeMethod(Invoker.java:583)
at org.testng.internal.Invoker.invokeTestMethod(Invoker.java:719)
at org.testng.internal.Invoker.invokeTestMethods(Invoker.java:989)
at org.testng.internal.TestMethodWorker.invokeTestMethods(TestMethodWorker.java:125)
at org.testng.internal.TestMethodWorker.run(TestMethodWorker.java:109)
at org.testng.TestRunner.privateRun(TestRunner.java:648)
at org.testng.TestRunner.run(TestRunner.java:505)
at org.testng.SuiteRunner.runTest(SuiteRunner.java:455)
at org.testng.SuiteRunner.runSequentially(SuiteRunner.java:450)
at org.testng.SuiteRunner.privateRun(SuiteRunner.java:415)
at org.testng.SuiteRunner.run(SuiteRunner.java:364)
at org.testng.SuiteRunnerWorker.runSuite(SuiteRunnerWorker.java:52)
at org.testng.SuiteRunnerWorker.run(SuiteRunnerWorker.java:84)
at org.testng.TestNG.runSuitesSequentially(TestNG.java:1208)
at org.testng.TestNG.runSuitesLocally(TestNG.java:1137)
at org.testng.TestNG.runSuites(TestNG.java:1049)
at org.testng.TestNG.run(TestNG.java:1017)
at org.testng.remote.AbstractRemoteTestNG.run(AbstractRemoteTestNG.java:115)
at org.testng.remote.RemoteTestNG.initAndRun(RemoteTestNG.java:251)
at org.testng.remote.RemoteTestNG.main(RemoteTestNG.java:77)
]]>
            </full-stacktrace>
          </exception> <!-- org.testng.SkipException -->
          <reporter-output>
          </reporter-output>
        </test-method> <!-- preProd1bTest -->
        <test-method status="PASS" signature="tearDown()[pri:0, instance:testcases.PreProd1BTest@6c0d7c83]" name="tearDown" is-config="true" duration-ms="0" started-at="2022-09-26T05:48:49Z" finished-at="2022-09-26T05:48:49Z">
          <reporter-output>
          </reporter-output>
        </test-method> <!-- tearDown -->
        <test-method status="PASS" signature="tearDown()[pri:0, instance:testcases.PreProd1BTest@6c0d7c83]" name="tearDown" is-config="true" duration-ms="1" started-at="2022-09-26T05:48:49Z" finished-at="2022-09-26T05:48:49Z">
          <reporter-output>
          </reporter-output>
        </test-method> <!-- tearDown -->
        <test-method status="FAIL" signature="preProd1bTest(java.lang.String, java.lang.String, java.lang.String, java.lang.String)[pri:0, instance:testcases.PreProd1BTest@6c0d7c83]" name="preProd1bTest" duration-ms="20969" started-at="2022-09-26T05:48:49Z" data-provider="dp" finished-at="2022-09-26T05:49:10Z">
          <params>
            <param index="0">
              <value>
                <![CDATA[https://datapal-hx.ie1.Prod1b.affiniongroup.com/?source=RyFRURvtWDMfB2zmae1yYA]]>
              </value>
            </param>
            <param index="1">
              <value>
                <![CDATA[chrome]]>
              </value>
            </param>
            <param index="2">
              <value>
                <![CDATA[Homeddf]]>
              </value>
            </param>
            <param index="3">
              <value>
                <![CDATA[Y]]>
              </value>
            </param>
          </params>
          <exception class="java.lang.AssertionError">
            <message>
              <![CDATA[The following asserts failed:
expected [Homeddf] but found [Home]]]>
            </message>
            <full-stacktrace>
              <![CDATA[java.lang.AssertionError: The following asserts failed:
expected [Homeddf] but found [Home]
at org.testng.asserts.SoftAssert.assertAll(SoftAssert.java:43)
at base.BaseTest.checkSoftAsserEqual(BaseTest.java:128)
at testcases.PreProd1BTest.preProd1bTest(PreProd1BTest.java:20)
at sun.reflect.NativeMethodAccessorImpl.invoke0(Native Method)
at sun.reflect.NativeMethodAccessorImpl.invoke(NativeMethodAccessorImpl.java:62)
at sun.reflect.DelegatingMethodAccessorImpl.invoke(DelegatingMethodAccessorImpl.java:43)
at java.lang.reflect.Method.invoke(Method.java:498)
at org.testng.internal.MethodInvocationHelper.invokeMethod(MethodInvocationHelper.java:124)
at org.testng.internal.Invoker.invokeMethod(Invoker.java:583)
at org.testng.internal.Invoker.invokeTestMethod(Invoker.java:719)
at org.testng.internal.Invoker.invokeTestMethods(Invoker.java:989)
at org.testng.internal.TestMethodWorker.invokeTestMethods(TestMethodWorker.java:125)
at org.testng.internal.TestMethodWorker.run(TestMethodWorker.java:109)
at org.testng.TestRunner.privateRun(TestRunner.java:648)
at org.testng.TestRunner.run(TestRunner.java:505)
at org.testng.SuiteRunner.runTest(SuiteRunner.java:455)
at org.testng.SuiteRunner.runSequentially(SuiteRunner.java:450)
at org.testng.SuiteRunner.privateRun(SuiteRunner.java:415)
at org.testng.SuiteRunner.run(SuiteRunner.java:364)
at org.testng.SuiteRunnerWorker.runSuite(SuiteRunnerWorker.java:52)
at org.testng.SuiteRunnerWorker.run(SuiteRunnerWorker.java:84)
at org.testng.TestNG.runSuitesSequentially(TestNG.java:1208)
at org.testng.TestNG.runSuitesLocally(TestNG.java:1137)
at org.testng.TestNG.runSuites(TestNG.java:1049)
at org.testng.TestNG.run(TestNG.java:1017)
at org.testng.remote.AbstractRemoteTestNG.run(AbstractRemoteTestNG.java:115)
at org.testng.remote.RemoteTestNG.initAndRun(RemoteTestNG.java:251)
at org.testng.remote.RemoteTestNG.main(RemoteTestNG.java:77)
]]>
            </full-stacktrace>
          </exception> <!-- java.lang.AssertionError -->
          <reporter-output>
            <line>
              <![CDATA[<a href=Mon_Sep_26_11_19_10_IST_2022.jpg target="_blank">Screenshot link</a>]]>
            </line>
            <line>
              <![CDATA[<br>]]>
            </line>
            <line>
              <![CDATA[<a href=Mon_Sep_26_11_19_10_IST_2022.jpg target="_blank"><img src=Mon_Sep_26_11_19_10_IST_2022.jpg height=200 width=200></a>]]>
            </line>
          </reporter-output>
        </test-method> <!-- preProd1bTest -->
        <test-method status="PASS" signature="tearDown()[pri:0, instance:testcases.PreProd1BTest@6c0d7c83]" name="tearDown" is-config="true" duration-ms="642" started-at="2022-09-26T05:49:10Z" finished-at="2022-09-26T05:49:11Z">
          <reporter-output>
          </reporter-output>
        </test-method> <!-- tearDown -->
        <test-method status="PASS" signature="preProd1bTest(java.lang.String, java.lang.String, java.lang.String, java.lang.String)[pri:0, instance:testcases.PreProd1BTest@6c0d7c83]" name="preProd1bTest" duration-ms="15108" started-at="2022-09-26T05:49:11Z" data-provider="dp" finished-at="2022-09-26T05:49:26Z">
          <params>
            <param index="0">
              <value>
                <![CDATA[https://pguk-hx.ie1.Prod1b.affiniongroup.com/?ref=UKAMXSTDFLT0001]]>
              </value>
            </param>
            <param index="1">
              <value>
                <![CDATA[chrome]]>
              </value>
            </param>
            <param index="2">
              <value>
                <![CDATA[American Express Identity Defence Platinum]]>
              </value>
            </param>
            <param index="3">
              <value>
                <![CDATA[Y]]>
              </value>
            </param>
          </params>
          <reporter-output>
          </reporter-output>
        </test-method> <!-- preProd1bTest -->
        <test-method status="PASS" signature="tearDown()[pri:0, instance:testcases.PreProd1BTest@6c0d7c83]" name="tearDown" is-config="true" duration-ms="632" started-at="2022-09-26T05:49:26Z" finished-at="2022-09-26T05:49:27Z">
          <reporter-output>
          </reporter-output>
        </test-method> <!-- tearDown -->
      </class> <!-- testcases.PreProd1BTest -->
    </test> <!-- Sanity Test -->
  </suite> <!-- Data Driven Test -->
</testng-results>
